<?xml version="1.0" encoding="UTF-8"?>
<testng-results ignored="0" total="1" passed="1" failed="0" skipped="0">
  <reporter-output>
  </reporter-output>
  <suite started-at="2023-08-07T12:41:47 IST" name="Default suite" finished-at="2023-08-07T12:42:07 IST" duration-ms="19426">
    <groups>
      <group name="cucumber">
        <method signature="AbstractTestNGCucumberTests.runScenario(io.cucumber.testng.PickleWrapper,io.cucumber.testng.FeatureWrapper)[pri:0, instance:testNgOption.TestRunner@4b45a2f5]" name="runScenario" class="io.cucumber.testng.AbstractTestNGCucumberTests"/>
      </group> <!-- cucumber -->
    </groups>
    <test started-at="2023-08-07T12:41:47 IST" name="Default test" finished-at="2023-08-07T12:42:07 IST" duration-ms="19426">
      <class name="testNgOption.TestRunner">
        <test-method is-config="true" signature="ReportConfig(org.testng.ITestContext)[pri:0, instance:testNgOption.TestRunner@4b45a2f5]" started-at="2023-08-07T12:41:46 IST" name="ReportConfig" finished-at="2023-08-07T12:41:47 IST" duration-ms="1028" status="PASS">
          <params>
            <param index="0">
              <value>
                <![CDATA[org.testng.TestRunner@daf22f0]]>
              </value>
            </param>
          </params>
          <reporter-output>
          </reporter-output>
        </test-method> <!-- ReportConfig -->
        <test-method is-config="true" signature="setUpClass(org.testng.ITestContext)[pri:0, instance:testNgOption.TestRunner@4b45a2f5]" started-at="2023-08-07T12:41:47 IST" name="setUpClass" finished-at="2023-08-07T12:41:48 IST" duration-ms="410" status="PASS">
          <params>
            <param index="0">
              <value>
                <![CDATA[org.testng.TestRunner@daf22f0]]>
              </value>
            </param>
          </params>
          <reporter-output>
          </reporter-output>
        </test-method> <!-- setUpClass -->
        <test-method signature="runScenario(io.cucumber.testng.PickleWrapper,io.cucumber.testng.FeatureWrapper)[pri:0, instance:testNgOption.TestRunner@4b45a2f5]" started-at="2023-08-07T12:41:48 IST" name="runScenario" description="Runs Cucumber Scenarios" data-provider="scenarios" finished-at="2023-08-07T12:42:07 IST" duration-ms="18891" status="PASS">
          <params>
            <param index="0">
              <value>
                <![CDATA["Verifying login and Logout ActiTime functionality"]]>
              </value>
            </param>
            <param index="1">
              <value>
                <![CDATA["Validating Actitime Project"]]>
              </value>
            </param>
          </params>
          <reporter-output>
          </reporter-output>
        </test-method> <!-- runScenario -->
        <test-method is-config="true" signature="tearDownClass()[pri:0, instance:testNgOption.TestRunner@4b45a2f5]" started-at="2023-08-07T12:42:07 IST" name="tearDownClass" finished-at="2023-08-07T12:42:07 IST" duration-ms="16" status="PASS">
          <reporter-output>
          </reporter-output>
        </test-method> <!-- tearDownClass -->
        <test-method is-config="true" signature="closeReport()[pri:0, instance:testNgOption.TestRunner@4b45a2f5]" started-at="2023-08-07T12:42:07 IST" name="closeReport" finished-at="2023-08-07T12:42:07 IST" duration-ms="17" status="PASS">
          <reporter-output>
          </reporter-output>
        </test-method> <!-- closeReport -->
      </class> <!-- testNgOption.TestRunner -->
    </test> <!-- Default test -->
  </suite> <!-- Default suite -->
</testng-results>
